<?xml version="1.0" encoding="UTF-8"?>
<testng-results skipped="0" failed="0" ignored="0" total="1" passed="1">
  <reporter-output>
  </reporter-output>
  <suite name="Default suite" duration-ms="121804" started-at="2018-03-18T17:01:42Z" finished-at="2018-03-18T17:03:44Z">
    <groups>
    </groups>
    <test name="Default test" duration-ms="121804" started-at="2018-03-18T17:01:42Z" finished-at="2018-03-18T17:03:44Z">
      <class name="com.usa.stefdefination.Disneyworld_Class">
        <test-method status="PASS" signature="Test()[pri:0, instance:com.usa.stefdefination.Disneyworld_Class@3532ec19]" name="Test" duration-ms="121730" started-at="2018-03-18T17:01:42Z" finished-at="2018-03-18T17:03:44Z">
          <reporter-output>
          </reporter-output>
        </test-method> <!-- Test -->
      </class> <!-- com.usa.stefdefination.Disneyworld_Class -->
    </test> <!-- Default test -->
  </suite> <!-- Default suite -->
</testng-results>
